<?xml version="1.0" encoding="UTF-8"?>
<!-- Generated by org.testng.reporters.JUnitReportReporter -->
<testsuite hostname="MohammadY" failures="0" tests="1" name="MyFirstAuatomationPackge.CssSelectorTest" time="3.504" errors="0" timestamp="2024-07-21T05:07:50 GST" skipped="0">
  <testcase classname="MyFirstAuatomationPackge.CssSelectorTest" name="FindByCss" time="3.504"/>
</testsuite> <!-- MyFirstAuatomationPackge.CssSelectorTest -->
